# JRE version: 7.0_25-b15
# Java VM: Java HotSpot(TM) 64-Bit Server VM (23.25-b01 mixed mode linux-amd64 compressed oops)
Heap
 PSYoungGen      total 168832K, used 132453K [0x00000007d64b0000, 0x00000007e78e0000, 0x0000000800000000)
  eden space 152896K, 76% used [0x00000007d64b0000,0x00000007dd67a270,0x00000007dfa00000)
  from space 15936K, 99% used [0x00000007dfa00000,0x00000007e098f3d8,0x00000007e0990000)
  to   space 19072K, 0% used [0x00000007e6640000,0x00000007e6640000,0x00000007e78e0000)
 ParOldGen       total 85376K, used 23520K [0x0000000782e00000, 0x0000000788160000, 0x00000007d64b0000)
  object space 85376K, 27% used [0x0000000782e00000,0x00000007844f8038,0x0000000788160000)
 PSPermGen       total 24896K, used 24767K [0x000000077dc00000, 0x000000077f450000, 0x0000000782e00000)
  object space 24896K, 99% used [0x000000077dc00000,0x000000077f42fd58,0x000000077f450000)
GC Heap History (10 events):
Event: 13.857 GC heap before
{Heap before GC invocations=9 (full 0):
 PSYoungGen      total 68224K, used 65979K [0x00000007d64b0000, 0x00000007daed0000, 0x0000000800000000)
  eden space 61056K, 100% used [0x00000007d64b0000,0x00000007da050000,0x00000007da050000)
  from space 7168K, 68% used [0x00000007da7d0000,0x00000007dac9ed80,0x00000007daed0000)
  to   space 7424K, 0% used [0x00000007da050000,0x00000007da050000,0x00000007da790000)
 ParOldGen       total 85376K, used 6357K [0x0000000782e00000, 0x0000000788160000, 0x00000007d64b0000)
  object space 85376K, 7% used [0x0000000782e00000,0x00000007834354f0,0x0000000788160000)
 PSPermGen       total 21248K, used 19995K [0x000000077dc00000, 0x000000077f0c0000, 0x0000000782e00000)
  object space 21248K, 94% used [0x000000077dc00000,0x000000077ef86ef0,0x000000077f0c0000)
Event: 13.874 GC heap after
Heap after GC invocations=9 (full 0):
 PSYoungGen      total 68480K, used 7402K [0x00000007d64b0000, 0x00000007dd640000, 0x0000000800000000)
  eden space 61056K, 0% used [0x00000007d64b0000,0x00000007d64b0000,0x00000007da050000)
  from space 7424K, 99% used [0x00000007da050000,0x00000007da78a948,0x00000007da790000)
  to   space 9280K, 0% used [0x00000007dcd30000,0x00000007dcd30000,0x00000007dd640000)
 ParOldGen       total 85376K, used 9235K [0x0000000782e00000, 0x0000000788160000, 0x00000007d64b0000)
  object space 85376K, 10% used [0x0000000782e00000,0x0000000783704f90,0x0000000788160000)
 PSPermGen       total 21248K, used 19995K [0x000000077dc00000, 0x000000077f0c0000, 0x0000000782e00000)
  object space 21248K, 94% used [0x000000077dc00000,0x000000077ef86ef0,0x000000077f0c0000)
}
Event: 14.823 GC heap before
{Heap before GC invocations=10 (full 0):
 PSYoungGen      total 68480K, used 68458K [0x00000007d64b0000, 0x00000007dd640000, 0x0000000800000000)
  eden space 61056K, 100% used [0x00000007d64b0000,0x00000007da050000,0x00000007da050000)
  from space 7424K, 99% used [0x00000007da050000,0x00000007da78a948,0x00000007da790000)
  to   space 9280K, 0% used [0x00000007dcd30000,0x00000007dcd30000,0x00000007dd640000)
 ParOldGen       total 85376K, used 9235K [0x0000000782e00000, 0x0000000788160000, 0x00000007d64b0000)
  object space 85376K, 10% used [0x0000000782e00000,0x0000000783704f90,0x0000000788160000)
 PSPermGen       total 21248K, used 20031K [0x000000077dc00000, 0x000000077f0c0000, 0x0000000782e00000)
  object space 21248K, 94% used [0x000000077dc00000,0x000000077ef8fd10,0x000000077f0c0000)
Event: 14.839 GC heap after
Heap after GC invocations=10 (full 0):
 PSYoungGen      total 106624K, used 7787K [0x00000007d64b0000, 0x00000007dd700000, 0x0000000800000000)
  eden space 97344K, 0% used [0x00000007d64b0000,0x00000007d64b0000,0x00000007dc3c0000)
  from space 9280K, 83% used [0x00000007dcd30000,0x00000007dd4cafa0,0x00000007dd640000)
  to   space 9664K, 0% used [0x00000007dc3c0000,0x00000007dc3c0000,0x00000007dcd30000)
 ParOldGen       total 85376K, used 11180K [0x0000000782e00000, 0x0000000788160000, 0x00000007d64b0000)
  object space 85376K, 13% used [0x0000000782e00000,0x00000007838eb350,0x0000000788160000)
 PSPermGen       total 21248K, used 20031K [0x000000077dc00000, 0x000000077f0c0000, 0x0000000782e00000)
  object space 21248K, 94% used [0x000000077dc00000,0x000000077ef8fd10,0x000000077f0c0000)
}
Event: 16.456 GC heap before
{Heap before GC invocations=11 (full 0):
 PSYoungGen      total 106624K, used 105131K [0x00000007d64b0000, 0x00000007dd700000, 0x0000000800000000)
  eden space 97344K, 100% used [0x00000007d64b0000,0x00000007dc3c0000,0x00000007dc3c0000)
  from space 9280K, 83% used [0x00000007dcd30000,0x00000007dd4cafa0,0x00000007dd640000)
  to   space 9664K, 0% used [0x00000007dc3c0000,0x00000007dc3c0000,0x00000007dcd30000)
 ParOldGen       total 85376K, used 11180K [0x0000000782e00000, 0x0000000788160000, 0x00000007d64b0000)
  object space 85376K, 13% used [0x0000000782e00000,0x00000007838eb350,0x0000000788160000)
 PSPermGen       total 21248K, used 20050K [0x000000077dc00000, 0x000000077f0c0000, 0x0000000782e00000)
  object space 21248K, 94% used [0x000000077dc00000,0x000000077ef949f0,0x000000077f0c0000)
Event: 16.487 GC heap after
Heap after GC invocations=11 (full 0):
 PSYoungGen      total 107008K, used 9660K [0x00000007d64b0000, 0x00000007e1650000, 0x0000000800000000)
  eden space 97344K, 0% used [0x00000007d64b0000,0x00000007d64b0000,0x00000007dc3c0000)
  from space 9664K, 99% used [0x00000007dc3c0000,0x00000007dcd2f068,0x00000007dcd30000)
  to   space 13056K, 0% used [0x00000007e0990000,0x00000007e0990000,0x00000007e1650000)
 ParOldGen       total 85376K, used 17647K [0x0000000782e00000, 0x0000000788160000, 0x00000007d64b0000)
  object space 85376K, 20% used [0x0000000782e00000,0x0000000783f3bc18,0x0000000788160000)
 PSPermGen       total 21248K, used 20050K [0x000000077dc00000, 0x000000077f0c0000, 0x0000000782e00000)
  object space 21248K, 94% used [0x000000077dc00000,0x000000077ef949f0,0x000000077f0c0000)
}
Event: 17.670 GC heap before
{Heap before GC invocations=12 (full 0):
 PSYoungGen      total 107008K, used 107004K [0x00000007d64b0000, 0x00000007e1650000, 0x0000000800000000)
  eden space 97344K, 100% used [0x00000007d64b0000,0x00000007dc3c0000,0x00000007dc3c0000)
  from space 9664K, 99% used [0x00000007dc3c0000,0x00000007dcd2f068,0x00000007dcd30000)
  to   space 13056K, 0% used [0x00000007e0990000,0x00000007e0990000,0x00000007e1650000)
 ParOldGen       total 85376K, used 17647K [0x0000000782e00000, 0x0000000788160000, 0x00000007d64b0000)
  object space 85376K, 20% used [0x0000000782e00000,0x0000000783f3bc18,0x0000000788160000)
 PSPermGen       total 21248K, used 20066K [0x000000077dc00000, 0x000000077f0c0000, 0x0000000782e00000)
  object space 21248K, 94% used [0x000000077dc00000,0x000000077ef98860,0x000000077f0c0000)
Event: 17.687 GC heap after
Heap after GC invocations=12 (full 0):
 PSYoungGen      total 165952K, used 13039K [0x00000007d64b0000, 0x00000007e1bf0000, 0x0000000800000000)
  eden space 152896K, 0% used [0x00000007d64b0000,0x00000007d64b0000,0x00000007dfa00000)
  from space 13056K, 99% used [0x00000007e0990000,0x00000007e164bd60,0x00000007e1650000)
  to   space 15936K, 0% used [0x00000007dfa00000,0x00000007dfa00000,0x00000007e0990000)
 ParOldGen       total 85376K, used 20933K [0x0000000782e00000, 0x0000000788160000, 0x00000007d64b0000)
  object space 85376K, 24% used [0x0000000782e00000,0x0000000784271530,0x0000000788160000)
 PSPermGen       total 21248K, used 20066K [0x000000077dc00000, 0x000000077f0c0000, 0x0000000782e00000)
  object space 21248K, 94% used [0x000000077dc00000,0x000000077ef98860,0x000000077f0c0000)
}
Event: 18.789 GC heap before
{Heap before GC invocations=13 (full 0):
 PSYoungGen      total 165952K, used 165935K [0x00000007d64b0000, 0x00000007e1bf0000, 0x0000000800000000)
  eden space 152896K, 100% used [0x00000007d64b0000,0x00000007dfa00000,0x00000007dfa00000)
  from space 13056K, 99% used [0x00000007e0990000,0x00000007e164bd60,0x00000007e1650000)
  to   space 15936K, 0% used [0x00000007dfa00000,0x00000007dfa00000,0x00000007e0990000)
 ParOldGen       total 85376K, used 20933K [0x0000000782e00000, 0x0000000788160000, 0x00000007d64b0000)
  object space 85376K, 24% used [0x0000000782e00000,0x0000000784271530,0x0000000788160000)
 PSPermGen       total 21248K, used 20074K [0x000000077dc00000, 0x000000077f0c0000, 0x0000000782e00000)
  object space 21248K, 94% used [0x000000077dc00000,0x000000077ef9a9a0,0x000000077f0c0000)
Event: 18.809 GC heap after
Heap after GC invocations=13 (full 0):
 PSYoungGen      total 168832K, used 15932K [0x00000007d64b0000, 0x00000007e78e0000, 0x0000000800000000)
  eden space 152896K, 0% used [0x00000007d64b0000,0x00000007d64b0000,0x00000007dfa00000)
  from space 15936K, 99% used [0x00000007dfa00000,0x00000007e098f3d8,0x00000007e0990000)
  to   space 19072K, 0% used [0x00000007e6640000,0x00000007e6640000,0x00000007e78e0000)
 ParOldGen       total 85376K, used 23520K [0x0000000782e00000, 0x0000000788160000, 0x00000007d64b0000)
  object space 85376K, 27% used [0x0000000782e00000,0x00000007844f8038,0x0000000788160000)
 PSPermGen       total 21248K, used 20074K [0x000000077dc00000, 0x000000077f0c0000, 0x0000000782e00000)
  object space 21248K, 94% used [0x000000077dc00000,0x000000077ef9a9a0,0x000000077f0c0000)
}

